  Bullet.cpp
  BulletManager.cpp
  EscapePod.cpp
  Game.cpp
  NPC.cpp
  NPCManager.cpp
C:\DAE\Visual Studio\Gameplay Scripting\You--Robot\Prototyping\NPCManager.cpp(47,48): warning C4267: 'argument': conversion from 'size_t' to 'int', possible loss of data
  (compiling source file '/NPCManager.cpp')
  
C:\DAE\Visual Studio\Gameplay Scripting\You--Robot\Prototyping\NPCManager.cpp(53,48): warning C4267: 'argument': conversion from 'size_t' to 'int', possible loss of data
  (compiling source file '/NPCManager.cpp')
  
  Player.cpp
C:\DAE\Visual Studio\Gameplay Scripting\You--Robot\Prototyping\Player.cpp(293,42): warning C4244: '=': conversion from 'double' to 'float', possible loss of data
  (compiling source file '/Player.cpp')
  
C:\DAE\Visual Studio\Gameplay Scripting\You--Robot\Prototyping\Player.cpp(294,44): warning C4244: '=': conversion from 'double' to 'float', possible loss of data
  (compiling source file '/Player.cpp')
  
C:\DAE\Visual Studio\Gameplay Scripting\You--Robot\Prototyping\Player.cpp(300,58): warning C4244: '=': conversion from 'int' to 'float', possible loss of data
  (compiling source file '/Player.cpp')
  
C:\DAE\Visual Studio\Gameplay Scripting\You--Robot\Prototyping\Player.cpp(305,42): warning C4244: '=': conversion from 'double' to 'float', possible loss of data
  (compiling source file '/Player.cpp')
  
C:\DAE\Visual Studio\Gameplay Scripting\You--Robot\Prototyping\Player.cpp(306,44): warning C4244: '=': conversion from 'double' to 'float', possible loss of data
  (compiling source file '/Player.cpp')
  
  main.cpp
  Generating code
  28 of 895 functions ( 3.1%) were compiled, the rest were copied from previous compilation.
    0 functions were new in current compilation
    2 functions had inline decision re-evaluated but remain unchanged
  Finished generating code
  Prototyping.vcxproj -> C:\DAE\Visual Studio\Gameplay Scripting\You--Robot\x64\Release\Prototyping.exe
  C:\DAE\Visual Studio\Gameplay Scripting\You--Robot\Libraries\SDLMain\SDL2-2.30.11\lib\x64\SDL2.dll
  1 File(s) copied
  C:\DAE\Visual Studio\Gameplay Scripting\You--Robot\Libraries\SDLImage\SDL2_image-2.8.4\lib\x64\SDL2_image.dll
  1 File(s) copied
  C:\DAE\Visual Studio\Gameplay Scripting\You--Robot\Libraries\SDLMixer\SDL2_mixer-2.8.0\lib\x64\SDL2_mixer.dll
  1 File(s) copied
  C:\DAE\Visual Studio\Gameplay Scripting\You--Robot\Libraries\SDLTtf\SDL2_ttf-2.24.0\lib\x64\SDL2_ttf.dll
  1 File(s) copied
  C:\DAE\Visual Studio\Gameplay Scripting\You--Robot\Resources\bullet1.png
  C:\DAE\Visual Studio\Gameplay Scripting\You--Robot\Resources\Font.ttf
  C:\DAE\Visual Studio\Gameplay Scripting\You--Robot\Resources\HudHealth.png
  C:\DAE\Visual Studio\Gameplay Scripting\You--Robot\Resources\PlayerSpritesheet.png
  C:\DAE\Visual Studio\Gameplay Scripting\You--Robot\Resources\Target.png
  5 File(s) copied
