c:\dae\visual studio\gameplay scripting\you--robot\prototyping\x64\debug\prototyping.pch
c:\dae\visual studio\gameplay scripting\you--robot\prototyping\x64\debug\vc143.pdb
c:\dae\visual studio\gameplay scripting\you--robot\prototyping\x64\debug\vc143.idb
c:\dae\visual studio\gameplay scripting\you--robot\prototyping\x64\debug\bullet.obj
c:\dae\visual studio\gameplay scripting\you--robot\prototyping\x64\debug\bulletmanager.obj
c:\dae\visual studio\gameplay scripting\you--robot\prototyping\x64\debug\character.obj
c:\dae\visual studio\gameplay scripting\you--robot\prototyping\x64\debug\game.obj
c:\dae\visual studio\gameplay scripting\you--robot\prototyping\x64\debug\hudhealth.obj
c:\dae\visual studio\gameplay scripting\you--robot\prototyping\x64\debug\hudmanager.obj
c:\dae\visual studio\gameplay scripting\you--robot\prototyping\x64\debug\hudobject.obj
c:\dae\visual studio\gameplay scripting\you--robot\prototyping\x64\debug\hudscore.obj
c:\dae\visual studio\gameplay scripting\you--robot\prototyping\x64\debug\main.obj
c:\dae\visual studio\gameplay scripting\you--robot\prototyping\x64\debug\npc.obj
c:\dae\visual studio\gameplay scripting\you--robot\prototyping\x64\debug\npcmanager.obj
c:\dae\visual studio\gameplay scripting\you--robot\prototyping\x64\debug\pch.obj
c:\dae\visual studio\gameplay scripting\you--robot\prototyping\x64\debug\pickup.obj
c:\dae\visual studio\gameplay scripting\you--robot\prototyping\x64\debug\player.obj
c:\dae\visual studio\gameplay scripting\you--robot\prototyping\x64\debug\hudammo.obj
c:\dae\visual studio\gameplay scripting\you--robot\prototyping\x64\debug\escapepod.obj
c:\dae\visual studio\gameplay scripting\you--robot\x64\debug\prototyping.exe
c:\dae\visual studio\gameplay scripting\you--robot\x64\debug\prototyping.pdb
c:\dae\visual studio\gameplay scripting\you--robot\prototyping\x64\debug\prototyping.ilk
c:\dae\visual studio\gameplay scripting\you--robot\prototyping\x64\debug\prototyping.tlog\cl.command.1.tlog
c:\dae\visual studio\gameplay scripting\you--robot\prototyping\x64\debug\prototyping.tlog\cl.items.tlog
c:\dae\visual studio\gameplay scripting\you--robot\prototyping\x64\debug\prototyping.tlog\cl.read.1.tlog
c:\dae\visual studio\gameplay scripting\you--robot\prototyping\x64\debug\prototyping.tlog\cl.write.1.tlog
c:\dae\visual studio\gameplay scripting\you--robot\prototyping\x64\debug\prototyping.tlog\link.command.1.tlog
c:\dae\visual studio\gameplay scripting\you--robot\prototyping\x64\debug\prototyping.tlog\link.read.1.tlog
c:\dae\visual studio\gameplay scripting\you--robot\prototyping\x64\debug\prototyping.tlog\link.secondary.1.tlog
c:\dae\visual studio\gameplay scripting\you--robot\prototyping\x64\debug\prototyping.tlog\link.write.1.tlog
